<?xml version="1.0" encoding="UTF-8"?>
<testsuites name="Mocha Tests" time="4.6510" tests="1" failures="0">
  <testsuite name="Root Suite" timestamp="2021-07-11T20:14:33" tests="0" file="cypress/integration/login.spec.js" time="0.0000" failures="0">
  </testsuite>
  <testsuite name="Login" timestamp="2021-07-11T20:14:33" tests="1" time="4.6510" failures="0">
    <testcase name="Login Fazer Login de um usuário com sucesso" time="4.6510" classname="Fazer Login de um usuário com sucesso">
    </testcase>
  </testsuite>
</testsuites>