<?xml version="1.0" encoding="UTF-8"?>
<testsuites name="Mocha Tests" time="12.1480" tests="1" failures="0">
  <testsuite name="Root Suite" timestamp="2021-07-11T20:14:03" tests="0" file="cypress/integration/articles.spec.js" time="0.0000" failures="0">
  </testsuite>
  <testsuite name="Artigos" timestamp="2021-07-11T20:14:03" tests="1" time="12.1480" failures="0">
    <testcase name="Artigos Cadastrar um novo artigo" time="12.1480" classname="Cadastrar um novo artigo">
    </testcase>
  </testsuite>
</testsuites>